<?xml version="1.0" encoding="UTF-8"?>
<testng-results ignored="0" total="8" passed="7" failed="1" skipped="0">
  <reporter-output>
  </reporter-output>
  <suite started-at="2023-06-14T11:55:09 EDT" name="MyFirstSuiteName" finished-at="2023-06-14T11:55:40 EDT" duration-ms="31099">
    <groups>
    </groups>
    <test started-at="2023-06-14T11:55:09 EDT" name="MyLoginTestCasewithChrome" finished-at="2023-06-14T11:55:21 EDT" duration-ms="12342">
      <class name="TestNGFramework.LoginTestCase">
        <test-method is-config="true" signature="InitBrowser(java.lang.String)[pri:0, instance:TestNGFramework.LoginTestCase@51c668e3]" started-at="2023-06-14T11:55:09 EDT" name="InitBrowser" finished-at="2023-06-14T11:55:19 EDT" duration-ms="9657" status="PASS">
          <params>
            <param index="0">
              <value>
                <![CDATA[chrome]]>
              </value>
            </param>
          </params>
          <reporter-output>
          </reporter-output>
        </test-method> <!-- InitBrowser -->
        <test-method signature="LoginWithInValidData(java.lang.String)[pri:0, instance:TestNGFramework.LoginTestCase@51c668e3]" started-at="2023-06-14T11:55:19 EDT" name="LoginWithInValidData" description="this is to verify Login with Invalid data" finished-at="2023-06-14T11:55:20 EDT" duration-ms="1360" status="PASS">
          <params>
            <param index="0">
              <value>
                <![CDATA[Adminn]]>
              </value>
            </param>
          </params>
          <reporter-output>
          </reporter-output>
        </test-method> <!-- LoginWithInValidData -->
        <test-method signature="LoginWithValidData(java.lang.String,java.lang.String)[pri:0, instance:TestNGFramework.LoginTestCase@51c668e3]" started-at="2023-06-14T11:55:20 EDT" name="LoginWithValidData" description="this is to verify Login with valid data" finished-at="2023-06-14T11:55:21 EDT" duration-ms="1145" status="PASS">
          <params>
            <param index="0">
              <value>
                <![CDATA[Adminn]]>
              </value>
            </param>
            <param index="1">
              <value>
                <![CDATA[Adminn@1234]]>
              </value>
            </param>
          </params>
          <reporter-output>
          </reporter-output>
        </test-method> <!-- LoginWithValidData -->
        <test-method is-config="true" signature="ExitBrowser()[pri:0, instance:TestNGFramework.LoginTestCase@51c668e3]" started-at="2023-06-14T11:55:21 EDT" name="ExitBrowser" finished-at="2023-06-14T11:55:21 EDT" duration-ms="127" status="PASS">
          <reporter-output>
          </reporter-output>
        </test-method> <!-- ExitBrowser -->
      </class> <!-- TestNGFramework.LoginTestCase -->
    </test> <!-- MyLoginTestCasewithChrome -->
    <test started-at="2023-06-14T11:55:21 EDT" name="MyLoginTestCaseWithFirefox" finished-at="2023-06-14T11:55:29 EDT" duration-ms="7620">
      <class name="TestNGFramework.LoginTestCase">
        <test-method is-config="true" signature="InitBrowser(java.lang.String)[pri:0, instance:TestNGFramework.LoginTestCase@173ed316]" started-at="2023-06-14T11:55:21 EDT" name="InitBrowser" finished-at="2023-06-14T11:55:26 EDT" duration-ms="4868" status="PASS">
          <params>
            <param index="0">
              <value>
                <![CDATA[firefox]]>
              </value>
            </param>
          </params>
          <reporter-output>
          </reporter-output>
        </test-method> <!-- InitBrowser -->
        <test-method signature="LoginWithInValidData(java.lang.String)[pri:0, instance:TestNGFramework.LoginTestCase@173ed316]" started-at="2023-06-14T11:55:26 EDT" name="LoginWithInValidData" description="this is to verify Login with Invalid data" finished-at="2023-06-14T11:55:27 EDT" duration-ms="733" status="PASS">
          <params>
            <param index="0">
              <value>
                <![CDATA[Adminn]]>
              </value>
            </param>
          </params>
          <reporter-output>
          </reporter-output>
        </test-method> <!-- LoginWithInValidData -->
        <test-method signature="LoginWithValidData(java.lang.String,java.lang.String)[pri:0, instance:TestNGFramework.LoginTestCase@173ed316]" started-at="2023-06-14T11:55:27 EDT" name="LoginWithValidData" description="this is to verify Login with valid data" finished-at="2023-06-14T11:55:28 EDT" duration-ms="689" status="PASS">
          <params>
            <param index="0">
              <value>
                <![CDATA[Adminn]]>
              </value>
            </param>
            <param index="1">
              <value>
                <![CDATA[Adminn@1234]]>
              </value>
            </param>
          </params>
          <reporter-output>
          </reporter-output>
        </test-method> <!-- LoginWithValidData -->
        <test-method is-config="true" signature="ExitBrowser()[pri:0, instance:TestNGFramework.LoginTestCase@173ed316]" started-at="2023-06-14T11:55:28 EDT" name="ExitBrowser" finished-at="2023-06-14T11:55:29 EDT" duration-ms="1325" status="PASS">
          <reporter-output>
          </reporter-output>
        </test-method> <!-- ExitBrowser -->
      </class> <!-- TestNGFramework.LoginTestCase -->
    </test> <!-- MyLoginTestCaseWithFirefox -->
    <test started-at="2023-06-14T11:55:29 EDT" name="MyLoginTestCaseWithEdge" finished-at="2023-06-14T11:55:34 EDT" duration-ms="5216">
      <class name="TestNGFramework.LoginTestCase">
        <test-method is-config="true" signature="InitBrowser(java.lang.String)[pri:0, instance:TestNGFramework.LoginTestCase@74ea2410]" started-at="2023-06-14T11:55:29 EDT" name="InitBrowser" finished-at="2023-06-14T11:55:32 EDT" duration-ms="2968" status="PASS">
          <params>
            <param index="0">
              <value>
                <![CDATA[edge]]>
              </value>
            </param>
          </params>
          <reporter-output>
          </reporter-output>
        </test-method> <!-- InitBrowser -->
        <test-method signature="LoginWithInValidData(java.lang.String)[pri:0, instance:TestNGFramework.LoginTestCase@74ea2410]" started-at="2023-06-14T11:55:32 EDT" name="LoginWithInValidData" description="this is to verify Login with Invalid data" finished-at="2023-06-14T11:55:33 EDT" duration-ms="1076" status="PASS">
          <params>
            <param index="0">
              <value>
                <![CDATA[Adminn]]>
              </value>
            </param>
          </params>
          <reporter-output>
          </reporter-output>
        </test-method> <!-- LoginWithInValidData -->
        <test-method signature="LoginWithValidData(java.lang.String,java.lang.String)[pri:0, instance:TestNGFramework.LoginTestCase@74ea2410]" started-at="2023-06-14T11:55:33 EDT" name="LoginWithValidData" description="this is to verify Login with valid data" finished-at="2023-06-14T11:55:34 EDT" duration-ms="1036" status="PASS">
          <params>
            <param index="0">
              <value>
                <![CDATA[Adminn]]>
              </value>
            </param>
            <param index="1">
              <value>
                <![CDATA[Adminn@1234]]>
              </value>
            </param>
          </params>
          <reporter-output>
          </reporter-output>
        </test-method> <!-- LoginWithValidData -->
        <test-method is-config="true" signature="ExitBrowser()[pri:0, instance:TestNGFramework.LoginTestCase@74ea2410]" started-at="2023-06-14T11:55:34 EDT" name="ExitBrowser" finished-at="2023-06-14T11:55:34 EDT" duration-ms="130" status="PASS">
          <reporter-output>
          </reporter-output>
        </test-method> <!-- ExitBrowser -->
      </class> <!-- TestNGFramework.LoginTestCase -->
    </test> <!-- MyLoginTestCaseWithEdge -->
    <test started-at="2023-06-14T11:55:34 EDT" name="MyRegisterTestCase" finished-at="2023-06-14T11:55:40 EDT" duration-ms="5797">
      <class name="TestNGFramework.RegisterTestCase">
        <test-method is-config="true" signature="InitBrowser()[pri:0, instance:TestNGFramework.RegisterTestCase@793f29ff]" started-at="2023-06-14T11:55:34 EDT" name="InitBrowser" finished-at="2023-06-14T11:55:38 EDT" duration-ms="3660" status="PASS">
          <reporter-output>
          </reporter-output>
        </test-method> <!-- InitBrowser -->
        <test-method signature="RegisterWithBlankdData()[pri:0, instance:TestNGFramework.RegisterTestCase@793f29ff]" started-at="2023-06-14T11:55:38 EDT" name="RegisterWithBlankdData" description="this is to verify Register with Blank data" finished-at="2023-06-14T11:55:39 EDT" duration-ms="890" status="PASS">
          <reporter-output>
          </reporter-output>
        </test-method> <!-- RegisterWithBlankdData -->
        <test-method signature="RegisterWithValidData()[pri:0, instance:TestNGFramework.RegisterTestCase@793f29ff]" started-at="2023-06-14T11:55:39 EDT" name="RegisterWithValidData" description="this is to verify Register with valid data" finished-at="2023-06-14T11:55:40 EDT" duration-ms="1131" status="FAIL">
          <exception class="org.openqa.selenium.NoSuchElementException">
            <message>
              <![CDATA[no such element: Unable to locate element: {"method":"xpath","selector":"//a[@title='Manage']"}
  (Session info: MicrosoftEdge=114.0.1823.43)
For documentation on this error, please visit: https://selenium.dev/exceptions/#no_such_element
Build info: version: '4.9.0', revision: 'd7057100a6'
System info: os.name: 'Windows 11', os.arch: 'amd64', os.version: '10.0', java.version: '17.0.7'
Driver info: org.openqa.selenium.edge.EdgeDriver
Command: [843e3169919a7a76fe264b3e9113a929, findElement {using=xpath, value=//a[@title='Manage']}]
Capabilities {acceptInsecureCerts: false, browserName: msedge, browserVersion: 114.0.1823.43, ms:edgeOptions: {debuggerAddress: localhost:51039}, msedge: {msedgedriverVersion: 114.0.1823.43 (ef5b3acd8c1d..., userDataDir: C:\Users\rajus\AppData\Loca...}, networkConnectionEnabled: false, pageLoadStrategy: normal, platformName: WINDOWS, proxy: Proxy(), se:cdp: ws://localhost:51039/devtoo..., se:cdpVersion: 114.0.1823.43, setWindowRect: true, strictFileInteractability: false, timeouts: {implicit: 0, pageLoad: 300000, script: 30000}, unhandledPromptBehavior: dismiss and notify, webauthn:extension:credBlob: true, webauthn:extension:largeBlob: true, webauthn:extension:minPinLength: true, webauthn:extension:prf: true, webauthn:virtualAuthenticators: true}
Session ID: 843e3169919a7a76fe264b3e9113a929]]>
            </message>
            <full-stacktrace>
              <![CDATA[org.openqa.selenium.NoSuchElementException: no such element: Unable to locate element: {"method":"xpath","selector":"//a[@title='Manage']"}
  (Session info: MicrosoftEdge=114.0.1823.43)
For documentation on this error, please visit: https://selenium.dev/exceptions/#no_such_element
Build info: version: '4.9.0', revision: 'd7057100a6'
System info: os.name: 'Windows 11', os.arch: 'amd64', os.version: '10.0', java.version: '17.0.7'
Driver info: org.openqa.selenium.edge.EdgeDriver
Command: [843e3169919a7a76fe264b3e9113a929, findElement {using=xpath, value=//a[@title='Manage']}]
Capabilities {acceptInsecureCerts: false, browserName: msedge, browserVersion: 114.0.1823.43, ms:edgeOptions: {debuggerAddress: localhost:51039}, msedge: {msedgedriverVersion: 114.0.1823.43 (ef5b3acd8c1d..., userDataDir: C:\Users\rajus\AppData\Loca...}, networkConnectionEnabled: false, pageLoadStrategy: normal, platformName: WINDOWS, proxy: Proxy(), se:cdp: ws://localhost:51039/devtoo..., se:cdpVersion: 114.0.1823.43, setWindowRect: true, strictFileInteractability: false, timeouts: {implicit: 0, pageLoad: 300000, script: 30000}, unhandledPromptBehavior: dismiss and notify, webauthn:extension:credBlob: true, webauthn:extension:largeBlob: true, webauthn:extension:minPinLength: true, webauthn:extension:prf: true, webauthn:virtualAuthenticators: true}
Session ID: 843e3169919a7a76fe264b3e9113a929
at java.base/jdk.internal.reflect.NativeConstructorAccessorImpl.newInstance0(Native Method)
at java.base/jdk.internal.reflect.NativeConstructorAccessorImpl.newInstance(NativeConstructorAccessorImpl.java:77)
at java.base/jdk.internal.reflect.DelegatingConstructorAccessorImpl.newInstance(DelegatingConstructorAccessorImpl.java:45)
at java.base/java.lang.reflect.Constructor.newInstanceWithCaller(Constructor.java:499)
at java.base/java.lang.reflect.Constructor.newInstance(Constructor.java:480)
at org.openqa.selenium.remote.codec.w3c.W3CHttpResponseCodec.createException(W3CHttpResponseCodec.java:200)
at org.openqa.selenium.remote.codec.w3c.W3CHttpResponseCodec.decode(W3CHttpResponseCodec.java:133)
at org.openqa.selenium.remote.codec.w3c.W3CHttpResponseCodec.decode(W3CHttpResponseCodec.java:53)
at org.openqa.selenium.remote.HttpCommandExecutor.execute(HttpCommandExecutor.java:193)
at org.openqa.selenium.remote.service.DriverCommandExecutor.invokeExecute(DriverCommandExecutor.java:183)
at org.openqa.selenium.remote.service.DriverCommandExecutor.execute(DriverCommandExecutor.java:158)
at org.openqa.selenium.remote.RemoteWebDriver.execute(RemoteWebDriver.java:543)
at org.openqa.selenium.remote.ElementLocation$ElementFinder$2.findElement(ElementLocation.java:162)
at org.openqa.selenium.remote.ElementLocation.findElement(ElementLocation.java:60)
at org.openqa.selenium.remote.RemoteWebDriver.findElement(RemoteWebDriver.java:352)
at org.openqa.selenium.remote.RemoteWebDriver.findElement(RemoteWebDriver.java:344)
at TestNGFramework.RegisterTestCase.RegisterWithValidData(RegisterTestCase.java:32)
at java.base/jdk.internal.reflect.NativeMethodAccessorImpl.invoke0(Native Method)
at java.base/jdk.internal.reflect.NativeMethodAccessorImpl.invoke(NativeMethodAccessorImpl.java:77)
at java.base/jdk.internal.reflect.DelegatingMethodAccessorImpl.invoke(DelegatingMethodAccessorImpl.java:43)
at java.base/java.lang.reflect.Method.invoke(Method.java:568)
at org.testng.internal.invokers.MethodInvocationHelper.invokeMethod(MethodInvocationHelper.java:139)
at org.testng.internal.invokers.TestInvoker.invokeMethod(TestInvoker.java:664)
at org.testng.internal.invokers.TestInvoker.invokeTestMethod(TestInvoker.java:227)
at org.testng.internal.invokers.MethodRunner.runInSequence(MethodRunner.java:50)
at org.testng.internal.invokers.TestInvoker$MethodInvocationAgent.invoke(TestInvoker.java:957)
at org.testng.internal.invokers.TestInvoker.invokeTestMethods(TestInvoker.java:200)
at org.testng.internal.invokers.TestMethodWorker.invokeTestMethods(TestMethodWorker.java:148)
at org.testng.internal.invokers.TestMethodWorker.run(TestMethodWorker.java:128)
at java.base/java.util.ArrayList.forEach(ArrayList.java:1511)
at org.testng.TestRunner.privateRun(TestRunner.java:848)
at org.testng.TestRunner.run(TestRunner.java:621)
at org.testng.SuiteRunner.runTest(SuiteRunner.java:443)
at org.testng.SuiteRunner.runSequentially(SuiteRunner.java:437)
at org.testng.SuiteRunner.privateRun(SuiteRunner.java:397)
at org.testng.SuiteRunner.run(SuiteRunner.java:336)
at org.testng.SuiteRunnerWorker.runSuite(SuiteRunnerWorker.java:52)
at org.testng.SuiteRunnerWorker.run(SuiteRunnerWorker.java:95)
at org.testng.TestNG.runSuitesSequentially(TestNG.java:1280)
at org.testng.TestNG.runSuitesLocally(TestNG.java:1200)
at org.testng.TestNG.runSuites(TestNG.java:1114)
at org.testng.TestNG.run(TestNG.java:1082)
at org.testng.remote.AbstractRemoteTestNG.run(AbstractRemoteTestNG.java:115)
at org.testng.remote.RemoteTestNG.initAndRun(RemoteTestNG.java:251)
at org.testng.remote.RemoteTestNG.main(RemoteTestNG.java:77)
]]>
            </full-stacktrace>
          </exception> <!-- org.openqa.selenium.NoSuchElementException -->
          <reporter-output>
          </reporter-output>
        </test-method> <!-- RegisterWithValidData -->
        <test-method is-config="true" signature="ExitBrowser()[pri:0, instance:TestNGFramework.RegisterTestCase@793f29ff]" started-at="2023-06-14T11:55:40 EDT" name="ExitBrowser" finished-at="2023-06-14T11:55:40 EDT" duration-ms="107" status="PASS">
          <reporter-output>
          </reporter-output>
        </test-method> <!-- ExitBrowser -->
      </class> <!-- TestNGFramework.RegisterTestCase -->
    </test> <!-- MyRegisterTestCase -->
  </suite> <!-- MyFirstSuiteName -->
</testng-results>
